ejemplos/08_preferences/EjemploPrefFragment/build/outputs/logs/manifest-merger-debug-report.txt
-- Merging decision tree log ---
manifest
ADDED from AndroidStudioProjects\EjemploPrefFragment\AndroidManifest.xml:2:1-27:12
INJECTED from AndroidStudioProjects\EjemploPrefFragment\AndroidManifest.xml:2:1-27:12
INJECTED from AndroidStudioProjects\EjemploPrefFragment\AndroidManifest.xml:2:1-27:12
INJECTED from AndroidStudioProjects\EjemploPrefFragment\AndroidManifest.xml:2:1-27:12
INJECTED from AndroidStudioProjects\EjemploPrefFragment\AndroidManifest.xml:2:1-27:12
	package
		ADDED from AndroidStudioProjects\EjemploPrefFragment\AndroidManifest.xml:3:5-46
	android:versionName
		ADDED from AndroidStudioProjects\EjemploPrefFragment\AndroidManifest.xml:5:5-30
		INJECTED from AndroidStudioProjects\EjemploPrefFragment\AndroidManifest.xml
		INJECTED from AndroidStudioProjects\EjemploPrefFragment\AndroidManifest.xml
	xmlns:android
		ADDED from AndroidStudioProjects\EjemploPrefFragment\AndroidManifest.xml:2:11-69
	android:versionCode
		ADDED from AndroidStudioProjects\EjemploPrefFragment\AndroidManifest.xml:4:5-28
		INJECTED from AndroidStudioProjects\EjemploPrefFragment\AndroidManifest.xml
		INJECTED from AndroidStudioProjects\EjemploPrefFragment\AndroidManifest.xml
application
ADDED from AndroidStudioProjects\EjemploPrefFragment\AndroidManifest.xml:7:5-25:19
	android:label
		ADDED from AndroidStudioProjects\EjemploPrefFragment\AndroidManifest.xml:10:9-41
	android:icon
		ADDED from AndroidStudioProjects\EjemploPrefFragment\AndroidManifest.xml:9:9-45
	android:allowBackup
		ADDED from AndroidStudioProjects\EjemploPrefFragment\AndroidManifest.xml:8:9-35
	android:theme
		ADDED from AndroidStudioProjects\EjemploPrefFragment\AndroidManifest.xml:11:9-40
activity#com.example.ejemplopreffragment.MainActivity
ADDED from AndroidStudioProjects\EjemploPrefFragment\AndroidManifest.xml:12:9-20:20
	android:label
		ADDED from AndroidStudioProjects\EjemploPrefFragment\AndroidManifest.xml:14:13-45
	android:name
		ADDED from AndroidStudioProjects\EjemploPrefFragment\AndroidManifest.xml:13:13-72
intent-filter#action:name:android.intent.action.MAIN+category:name:android.intent.category.LAUNCHER
ADDED from AndroidStudioProjects\EjemploPrefFragment\AndroidManifest.xml:15:13-19:29
action#android.intent.action.MAIN
ADDED from AndroidStudioProjects\EjemploPrefFragment\AndroidManifest.xml:16:17-69
	android:name
		ADDED from AndroidStudioProjects\EjemploPrefFragment\AndroidManifest.xml:16:25-66
category#android.intent.category.LAUNCHER
ADDED from AndroidStudioProjects\EjemploPrefFragment\AndroidManifest.xml:18:17-77
	android:name
		ADDED from AndroidStudioProjects\EjemploPrefFragment\AndroidManifest.xml:18:27-74
activity#com.example.ejemplopreffragment.ActividadPreferences
ADDED from AndroidStudioProjects\EjemploPrefFragment\AndroidManifest.xml:21:9-24:20
	android:label
		ADDED from AndroidStudioProjects\EjemploPrefFragment\AndroidManifest.xml:23:13-45
	android:name
		ADDED from AndroidStudioProjects\EjemploPrefFragment\AndroidManifest.xml:22:13-49
uses-sdk
INJECTED from AndroidStudioProjects\EjemploPrefFragment\AndroidManifest.xml reason: use-sdk injection requested
INJECTED from AndroidStudioProjects\EjemploPrefFragment\AndroidManifest.xml
INJECTED from AndroidStudioProjects\EjemploPrefFragment\AndroidManifest.xml
INJECTED from AndroidStudioProjects\EjemploPrefFragment\AndroidManifest.xml
INJECTED from AndroidStudioProjects\EjemploPrefFragment\AndroidManifest.xml
	android:targetSdkVersion
		INJECTED from AndroidStudioProjects\EjemploPrefFragment\AndroidManifest.xml
		ADDED from AndroidStudioProjects\EjemploPrefFragment\AndroidManifest.xml
		INJECTED from AndroidStudioProjects\EjemploPrefFragment\AndroidManifest.xml
	android:minSdkVersion
		INJECTED from AndroidStudioProjects\EjemploPrefFragment\AndroidManifest.xml
		ADDED from AndroidStudioProjects\EjemploPrefFragment\AndroidManifest.xml
		INJECTED from AndroidStudioProjects\EjemploPrefFragment\AndroidManifest.xml